<?xml version="1.0" encoding="UTF-8"?>
<!-- Generated by org.testng.reporters.JUnitReportReporter -->
<testsuite name="class12.DataDrivenFW" tests="2" time="41.598" ignored="0" failures="0" timestamp="25 May 2018 23:08:18 GMT" skipped="0" hostname="DESKTOP-IPCTJOG" errors="0">
  <testcase name="testChrome" time="23.534" classname="class12.DataDrivenFW"/>
  <testcase name="testChrome" time="18.064" classname="class12.DataDrivenFW"/>
</testsuite> <!-- class12.DataDrivenFW -->
