<?xml version="1.0" encoding="UTF-8"?>
<!-- Generated by org.testng.reporters.JUnitReportReporter -->
<testsuite name="class12.ReadConfig" tests="1" time="0.039" ignored="0" failures="0" timestamp="25 May 2018 23:01:08 GMT" skipped="0" hostname="DESKTOP-IPCTJOG" errors="0">
  <testcase name="readFile" time="0.039" classname="class12.ReadConfig"/>
</testsuite> <!-- class12.ReadConfig -->
