<?xml version="1.0" encoding="UTF-8"?>
<!-- Generated by org.testng.reporters.JUnitReportReporter -->
<testsuite name="class13.paralleltest1" tests="1" time="0.125" ignored="0" failures="0" timestamp="28 May 2018 19:12:34 GMT" skipped="0" hostname="DESKTOP-IPCTJOG" errors="0">
  <testcase name="paralleltestdemo" time="0.125" classname="class13.paralleltest1"/>
</testsuite> <!-- class13.paralleltest1 -->
