<?xml version="1.0" encoding="UTF-8"?>
<!-- Generated by org.testng.reporters.JUnitReportReporter -->
<testsuite name="class12.ReadExcel2" tests="1" time="1.736" ignored="0" failures="0" timestamp="26 May 2018 02:40:23 GMT" skipped="0" hostname="DESKTOP-IPCTJOG" errors="0">
  <testcase name="readfile" time="1.736" classname="class12.ReadExcel2"/>
</testsuite> <!-- class12.ReadExcel2 -->
