<?xml version="1.0" encoding="UTF-8"?>
<!-- Generated by org.testng.reporters.JUnitReportReporter -->
<testsuite name="class13.crossbrowser_advance" tests="1" time="24.657" ignored="0" failures="0" timestamp="02 Jun 2018 13:23:33 GMT" skipped="0" hostname="DESKTOP-IPCTJOG" errors="0">
  <testcase name="testparameters" time="24.657" classname="class13.crossbrowser_advance"/>
</testsuite> <!-- class13.crossbrowser_advance -->
