<?xml version="1.0" encoding="UTF-8"?>
<!-- Generated by org.testng.reporters.JUnitReportReporter -->
<testsuite name="class13.Datadrivenframework2" tests="2" time="19.360" ignored="0" failures="0" timestamp="30 May 2018 01:52:32 GMT" skipped="0" hostname="DESKTOP-IPCTJOG" errors="0">
  <testcase name="loginOrangeHRM" time="6.272" classname="class13.Datadrivenframework2"/>
  <testcase name="loginOrangeHRM" time="13.088" classname="class13.Datadrivenframework2"/>
</testsuite> <!-- class13.Datadrivenframework2 -->
