<?xml version="1.0" encoding="UTF-8"?>
<!-- Generated by org.testng.reporters.JUnitReportReporter -->
<testsuite name="class13.DatadrivenFramework3" tests="1" time="0.003" ignored="0" failures="0" timestamp="30 May 2018 18:37:18 GMT" skipped="1" hostname="DESKTOP-IPCTJOG" errors="0">
  <testcase name="loginOrangeHRM" time="0.003" classname="class13.DatadrivenFramework3">
    <skipped/>
  </testcase> <!-- loginOrangeHRM -->
</testsuite> <!-- class13.DatadrivenFramework3 -->
