<?xml version="1.0" encoding="UTF-8"?>
<!-- Generated by org.testng.reporters.JUnitReportReporter -->
<testsuite name="class13.Datadrivenframework2" tests="2" time="26.504" ignored="0" failures="0" timestamp="09 Jun 2018 17:13:31 GMT" skipped="0" hostname="DESKTOP-IPCTJOG" errors="0">
  <testcase name="loginOrangeHRM" time="10.125" classname="class13.Datadrivenframework2"/>
  <testcase name="loginOrangeHRM" time="16.379" classname="class13.Datadrivenframework2"/>
</testsuite> <!-- class13.Datadrivenframework2 -->
