<?xml version="1.0" encoding="UTF-8"?>
<!-- Generated by org.testng.reporters.JUnitReportReporter -->
<testsuite name="class13.DatadrivenFExcel" tests="2" time="24.243" ignored="0" failures="0" timestamp="05 Jun 2018 00:04:35 GMT" skipped="0" hostname="DESKTOP-IPCTJOG" errors="0">
  <testcase name="loginOrangeHRM" time="15.141" classname="class13.DatadrivenFExcel"/>
  <testcase name="loginOrangeHRM" time="9.102" classname="class13.DatadrivenFExcel"/>
</testsuite> <!-- class13.DatadrivenFExcel -->
