<?xml version="1.0" encoding="UTF-8"?>
<!-- Generated by org.testng.reporters.JUnitReportReporter -->
<testsuite name="Testcases.LoginTestCase" tests="1" time="14.632" ignored="0" failures="0" timestamp="13 Jun 2018 20:22:47 GMT" skipped="0" hostname="DESKTOP-IPCTJOG" errors="0">
  <testcase name="login" time="14.632" classname="Testcases.LoginTestCase"/>
</testsuite> <!-- Testcases.LoginTestCase -->
