<?xml version="1.0" encoding="UTF-8"?>
<!-- Generated by org.testng.reporters.JUnitReportReporter -->
<testsuite name="class13.DatadrivenFramework" tests="6" time="81.347" ignored="0" failures="0" timestamp="30 May 2018 01:22:07 GMT" skipped="0" hostname="DESKTOP-IPCTJOG" errors="0">
  <testcase name="loginOrangeHRM" time="12.053" classname="class13.DatadrivenFramework"/>
  <testcase name="loginOrangeHRM" time="13.517" classname="class13.DatadrivenFramework"/>
  <testcase name="loginOrangeHRM" time="12.248" classname="class13.DatadrivenFramework"/>
  <testcase name="loginOrangeHRM" time="12.829" classname="class13.DatadrivenFramework"/>
  <testcase name="loginOrangeHRM" time="11.383" classname="class13.DatadrivenFramework"/>
  <testcase name="loginOrangeHRM" time="19.317" classname="class13.DatadrivenFramework"/>
</testsuite> <!-- class13.DatadrivenFramework -->
