<?xml version="1.0" encoding="UTF-8"?>
<!-- Generated by org.testng.reporters.JUnitReportReporter -->
<testsuite name="class13.parameterdemo" tests="1" time="0.047" ignored="0" failures="0" timestamp="28 May 2018 18:29:20 GMT" skipped="0" hostname="DESKTOP-IPCTJOG" errors="0">
  <testcase name="passparameters" time="0.047" classname="class13.parameterdemo"/>
</testsuite> <!-- class13.parameterdemo -->
