<?xml version="1.0" encoding="UTF-8"?>
<!-- Generated by org.testng.reporters.JUnitReportReporter -->
<testsuite name="class13.Crossbrowsertest" tests="3" time="37.979" ignored="0" failures="0" timestamp="28 May 2018 19:18:41 GMT" skipped="0" hostname="DESKTOP-IPCTJOG" errors="0">
  <testcase name="passparameters" time="11.864" classname="class13.Crossbrowsertest"/>
  <testcase name="passparameters" time="22.082" classname="class13.Crossbrowsertest"/>
  <testcase name="passparameters" time="4.033" classname="class13.Crossbrowsertest"/>
</testsuite> <!-- class13.Crossbrowsertest -->
