<?xml version="1.0" encoding="UTF-8"?>
<!-- Generated by org.testng.reporters.JUnitReportReporter -->
<testsuite name="class12.WriteExcel" tests="1" time="2.056" ignored="0" failures="0" timestamp="27 May 2018 15:34:07 GMT" skipped="0" hostname="DESKTOP-IPCTJOG" errors="0">
  <testcase name="readfile" time="2.056" classname="class12.WriteExcel"/>
</testsuite> <!-- class12.WriteExcel -->
