<?xml version="1.0" encoding="UTF-8"?>
<!-- Generated by org.testng.reporters.JUnitReportReporter -->
<testsuite name="class13.crossbrowser_advance" tests="1" time="15.966" ignored="0" failures="0" timestamp="28 May 2018 23:30:21 GMT" skipped="0" hostname="DESKTOP-IPCTJOG" errors="0">
  <testcase name="testparameters" time="15.966" classname="class13.crossbrowser_advance"/>
</testsuite> <!-- class13.crossbrowser_advance -->
