<?xml version="1.0" encoding="UTF-8"?>
<!-- Generated by org.testng.reporters.JUnitReportReporter -->
<testsuite name="class13.DatadrivenFramework" tests="2" time="24.633" ignored="0" failures="0" timestamp="04 Jun 2018 23:58:26 GMT" skipped="0" hostname="DESKTOP-IPCTJOG" errors="0">
  <testcase name="loginOrangeHRM" time="15.583" classname="class13.DatadrivenFramework"/>
  <testcase name="loginOrangeHRM" time="9.050" classname="class13.DatadrivenFramework"/>
</testsuite> <!-- class13.DatadrivenFramework -->
