<?xml version="1.0" encoding="UTF-8"?>
<!-- Generated by org.testng.reporters.JUnitReportReporter -->
<testsuite name="class12.ReadExcel" tests="1" time="2.532" ignored="0" failures="0" timestamp="26 May 2018 02:25:26 GMT" skipped="0" hostname="DESKTOP-IPCTJOG" errors="0">
  <testcase name="ReadFile" time="2.532" classname="class12.ReadExcel"/>
</testsuite> <!-- class12.ReadExcel -->
