<?xml version="1.0" encoding="UTF-8"?>
<!-- Generated by org.testng.reporters.JUnitReportReporter -->
<testsuite name="class12.ReadConfigFile2" tests="1" time="0.019" ignored="0" failures="0" timestamp="21 Apr 2018 03:57:01 GMT" skipped="0" hostname="Chandani" errors="0">
  <testcase name="readFile" time="0.019" classname="class12.ReadConfigFile2"/>
</testsuite> <!-- class12.ReadConfigFile2 -->
