<?xml version="1.0" encoding="UTF-8"?>
<!-- Generated by org.testng.reporters.JUnitReportReporter -->
<testsuite name="class13.ParametersDemo" tests="1" time="0.044" ignored="0" failures="0" timestamp="22 Apr 2018 03:37:29 GMT" skipped="0" hostname="Chandani" errors="0">
  <testcase name="testParameters" time="0.044" classname="class13.ParametersDemo"/>
</testsuite> <!-- class13.ParametersDemo -->
