<?xml version="1.0" encoding="UTF-8"?>
<!-- Generated by org.testng.reporters.JUnitReportReporter -->
<testsuite name="class13.ParallelExecutionDemo" tests="1" time="0.019" ignored="0" failures="0" timestamp="22 Apr 2018 03:56:07 GMT" skipped="0" hostname="Chandani" errors="0">
  <testcase name="test1" time="0.019" classname="class13.ParallelExecutionDemo"/>
</testsuite> <!-- class13.ParallelExecutionDemo -->
