<?xml version="1.0" encoding="UTF-8"?>
<!-- Generated by org.testng.reporters.JUnitReportReporter -->
<testsuite name="class12.ReadExcelFile3" tests="1" time="0.878" ignored="0" failures="0" timestamp="21 Apr 2018 04:18:11 GMT" skipped="0" hostname="Chandani" errors="0">
  <testcase name="readFile" time="0.878" classname="class12.ReadExcelFile3"/>
</testsuite> <!-- class12.ReadExcelFile3 -->
