<?xml version="1.0" encoding="UTF-8"?>
<!-- Generated by org.testng.reporters.JUnitReportReporter -->
<testsuite name="class12.ReadExcelFile" tests="1" time="0.900" ignored="0" failures="0" timestamp="21 Apr 2018 04:09:25 GMT" skipped="0" hostname="Chandani" errors="0">
  <testcase name="readFile" time="0.900" classname="class12.ReadExcelFile"/>
</testsuite> <!-- class12.ReadExcelFile -->
