<?xml version="1.0" encoding="UTF-8"?>
<!-- Generated by org.testng.reporters.JUnitReportReporter -->
<testsuite name="class13.DataDrivenFramework3" tests="3" time="22.262" ignored="0" failures="0" timestamp="22 Apr 2018 05:09:36 GMT" skipped="0" hostname="Chandani" errors="0">
  <testcase name="loginOrangeHRM" time="7.473" classname="class13.DataDrivenFramework3"/>
  <testcase name="loginOrangeHRM" time="7.878" classname="class13.DataDrivenFramework3"/>
  <testcase name="loginOrangeHRM" time="6.911" classname="class13.DataDrivenFramework3"/>
</testsuite> <!-- class13.DataDrivenFramework3 -->
