<?xml version="1.0" encoding="UTF-8"?>
<!-- Generated by org.testng.reporters.JUnitReportReporter -->
<testsuite name="class13.DataDrivenFramework" tests="4" time="31.502" ignored="0" failures="0" timestamp="22 Apr 2018 04:36:08 GMT" skipped="0" hostname="Chandani" errors="0">
  <testcase name="loginOrangeHRM" time="6.697" classname="class13.DataDrivenFramework"/>
  <testcase name="loginOrangeHRM" time="7.092" classname="class13.DataDrivenFramework"/>
  <testcase name="loginOrangeHRM" time="10.992" classname="class13.DataDrivenFramework"/>
  <testcase name="loginOrangeHRM" time="6.721" classname="class13.DataDrivenFramework"/>
</testsuite> <!-- class13.DataDrivenFramework -->
