<?xml version="1.0" encoding="UTF-8"?>
<!-- Generated by org.testng.reporters.JUnitReportReporter -->
<testsuite name="class12.WriteExcel" tests="1" time="1.055" ignored="0" failures="0" timestamp="21 Apr 2018 04:26:44 GMT" skipped="0" hostname="Chandani" errors="0">
  <testcase name="readFile" time="1.055" classname="class12.WriteExcel"/>
</testsuite> <!-- class12.WriteExcel -->
