<?xml version="1.0" encoding="UTF-8"?>
<!-- Generated by org.testng.reporters.JUnitReportReporter -->
<testsuite name="class12.ReadExcelFile2" tests="1" time="0.822" ignored="0" failures="0" timestamp="21 Apr 2018 04:12:47 GMT" skipped="0" hostname="Chandani" errors="0">
  <testcase name="readFile" time="0.822" classname="class12.ReadExcelFile2"/>
</testsuite> <!-- class12.ReadExcelFile2 -->
