<?xml version="1.0" encoding="UTF-8"?>
<!-- Generated by org.testng.reporters.JUnitReportReporter -->
<testsuite name="class13.DataDrivenFramework2" tests="3" time="24.097" ignored="0" failures="0" timestamp="22 Apr 2018 05:05:14 GMT" skipped="0" hostname="Chandani" errors="0">
  <testcase name="loginOrangeHRM" time="7.105" classname="class13.DataDrivenFramework2"/>
  <testcase name="loginOrangeHRM" time="6.137" classname="class13.DataDrivenFramework2"/>
  <testcase name="loginOrangeHRM" time="10.855" classname="class13.DataDrivenFramework2"/>
</testsuite> <!-- class13.DataDrivenFramework2 -->
