<?xml version="1.0" encoding="UTF-8"?>
<!-- Generated by org.testng.reporters.JUnitReportReporter -->
<testsuite name="class13.CrossBrowserTesting" tests="3" time="23.574" ignored="0" failures="0" timestamp="22 Apr 2018 03:59:31 GMT" skipped="0" hostname="Chandani" errors="0">
  <testcase name="testParameters" time="7.513" classname="class13.CrossBrowserTesting"/>
  <testcase name="testParameters" time="9.187" classname="class13.CrossBrowserTesting"/>
  <testcase name="testParameters" time="6.874" classname="class13.CrossBrowserTesting"/>
</testsuite> <!-- class13.CrossBrowserTesting -->
