<?xml version="1.0" encoding="UTF-8"?>
<!-- Generated by org.testng.reporters.JUnitReportReporter -->
<testsuite name="testcases.LoginTestCase" tests="1" time="10.303" ignored="0" failures="0" timestamp="29 Apr 2018 04:06:05 GMT" skipped="0" hostname="Chandani" errors="0">
  <testcase name="login" time="10.303" classname="testcases.LoginTestCase"/>
</testsuite> <!-- testcases.LoginTestCase -->
