<?xml version="1.0" encoding="UTF-8"?>
<!-- Generated by org.testng.reporters.JUnitReportReporter -->
<testsuite name="testcases.RunTestOnGrid" tests="1" time="46.140" ignored="0" failures="0" timestamp="12 May 2018 06:03:31 GMT" skipped="0" hostname="Chandani" errors="0">
  <testcase name="test1" time="46.140" classname="testcases.RunTestOnGrid"/>
</testsuite> <!-- testcases.RunTestOnGrid -->
