<?xml version="1.0" encoding="UTF-8"?>
<!-- Generated by org.testng.reporters.JUnitReportReporter -->
<testsuite name="testcases.RunTestOnGrid2" tests="1" time="20.046" ignored="0" failures="0" timestamp="12 May 2018 06:14:35 GMT" skipped="0" hostname="Chandani" errors="0">
  <testcase name="test1" time="20.046" classname="testcases.RunTestOnGrid2"/>
</testsuite> <!-- testcases.RunTestOnGrid2 -->
